2021-12-03 18:38:54,368 - root - INFO - Successfully logged in Kite API!
2021-12-03 18:38:54,369 - socketio.server - INFO - emitting event "log_report" to all [/]
2021-12-03 18:38:54,369 - engineio.server - INFO - FTUzUYedzeGPtg99AAAC: Sending packet MESSAGE data 2["log_report",{"logReport":"Successfully logged in Kite API!","selected_commodities":1}]
2021-12-03 18:38:54,463 - apscheduler.scheduler - INFO - Added job "GoldCommodities.startCommoditiesAlgo" to job store "default"
2021-12-03 18:38:54,463 - apscheduler.scheduler - DEBUG - Looking for jobs to run
2021-12-03 18:38:54,463 - apscheduler.scheduler - DEBUG - Next wakeup is due at 2021-12-03 18:39:00+05:30 (in 5.536646 seconds)
2021-12-03 18:39:00,007 - apscheduler.scheduler - DEBUG - Looking for jobs to run
2021-12-03 18:39:00,012 - apscheduler.executors.default - INFO - Running job "GoldCommodities.startCommoditiesAlgo (trigger: cron[hour='9,10,11,12,13,14,15,16,17,18,19,20,21,22,23', minute='*'], next run at: 2021-12-03 18:39:00 IST)" (scheduled at 2021-12-03 18:39:00+05:30)
2021-12-03 18:39:00,014 - apscheduler.scheduler - DEBUG - Next wakeup is due at 2021-12-03 18:40:00+05:30 (in 59.991333 seconds)
2021-12-03 18:39:00,020 - socketio.server - INFO - emitting event "log_report" to all [/]
2021-12-03 18:39:00,022 - engineio.server - INFO - FTUzUYedzeGPtg99AAAC: Sending packet MESSAGE data 2["log_report",{"logReport":"Successfully logged in Kite API!\nstart checking at : 2021-12-03 18:39:00.014664","selected_commodities":1}]
2021-12-03 18:39:00,822 - socketio.server - INFO - emitting event "log_report" to all [/]
2021-12-03 18:39:00,823 - engineio.server - INFO - FTUzUYedzeGPtg99AAAC: Sending packet MESSAGE data 2["log_report",{"logReport":"Successfully logged in Kite API!\nstart checking at : 2021-12-03 18:39:00.014664\nPlease wait while checking \" GOLD \" commodities...","selected_commodities":1}]
2021-12-03 18:39:00,829 - urllib3.connectionpool - DEBUG - Starting new HTTPS connection (1): api.kite.trade:443
2021-12-03 18:39:01,134 - urllib3.connectionpool - DEBUG - https://api.kite.trade:443 "GET /instruments/historical/59627015/15minute?from=2021-11-03&to=2021-12-03&interval=15minute&continuous=0&oi=0 HTTP/1.1" 200 15585
2021-12-03 18:39:02,313 - socketio.server - INFO - emitting event "log_report" to all [/]
2021-12-03 18:39:02,314 - engineio.server - INFO - FTUzUYedzeGPtg99AAAC: Sending packet MESSAGE data 2["log_report",{"logReport":"Successfully logged in Kite API!\nstart checking at : 2021-12-03 18:39:00.014664\nPlease wait while checking \" GOLD \" commodities...\nSUPER_TREND : GREEN : BUY","selected_commodities":1}]
2021-12-03 18:39:03,317 - socketio.server - INFO - emitting event "log_report" to all [/]
2021-12-03 18:39:03,318 - engineio.server - INFO - FTUzUYedzeGPtg99AAAC: Sending packet MESSAGE data 2["log_report",{"logReport":"Successfully logged in Kite API!\nstart checking at : 2021-12-03 18:39:00.014664\nPlease wait while checking \" GOLD \" commodities...\nSUPER_TREND : GREEN : BUY\nNo trade this session...\n--------End-----------","selected_commodities":1}]
2021-12-03 18:39:03,320 - apscheduler.executors.default - INFO - Job "GoldCommodities.startCommoditiesAlgo (trigger: cron[hour='9,10,11,12,13,14,15,16,17,18,19,20,21,22,23', minute='*'], next run at: 2021-12-03 18:40:00 IST)" executed successfully
2021-12-03 18:39:13,337 - engineio.server - INFO - FTUzUYedzeGPtg99AAAC: Sending packet PING data None
2021-12-03 18:39:13,341 - engineio.server - INFO - FTUzUYedzeGPtg99AAAC: Received packet PONG data 
2021-12-03 18:39:38,343 - engineio.server - INFO - FTUzUYedzeGPtg99AAAC: Sending packet PING data None
2021-12-03 18:39:38,348 - engineio.server - INFO - FTUzUYedzeGPtg99AAAC: Received packet PONG data 
2021-12-03 18:40:00,021 - apscheduler.scheduler - DEBUG - Looking for jobs to run
2021-12-03 18:40:00,023 - apscheduler.scheduler - DEBUG - Next wakeup is due at 2021-12-03 18:41:00+05:30 (in 59.978666 seconds)
2021-12-03 18:40:00,023 - apscheduler.executors.default - INFO - Running job "GoldCommodities.startCommoditiesAlgo (trigger: cron[hour='9,10,11,12,13,14,15,16,17,18,19,20,21,22,23', minute='*'], next run at: 2021-12-03 18:41:00 IST)" (scheduled at 2021-12-03 18:40:00+05:30)
2021-12-03 18:40:00,027 - socketio.server - INFO - emitting event "log_report" to all [/]
2021-12-03 18:40:00,028 - engineio.server - INFO - FTUzUYedzeGPtg99AAAC: Sending packet MESSAGE data 2["log_report",{"logReport":"Successfully logged in Kite API!\nstart checking at : 2021-12-03 18:39:00.014664\nPlease wait while checking \" GOLD \" commodities...\nSUPER_TREND : GREEN : BUY\nNo trade this session...\n--------End-----------\nstart checking at : 2021-12-03 18:40:00.024331","selected_commodities":1}]
2021-12-03 18:40:00,072 - socketio.server - INFO - emitting event "log_report" to all [/]
2021-12-03 18:40:00,073 - engineio.server - INFO - FTUzUYedzeGPtg99AAAC: Sending packet MESSAGE data 2["log_report",{"logReport":"Successfully logged in Kite API!\nstart checking at : 2021-12-03 18:39:00.014664\nPlease wait while checking \" GOLD \" commodities...\nSUPER_TREND : GREEN : BUY\nNo trade this session...\n--------End-----------\nstart checking at : 2021-12-03 18:40:00.024331\nPlease wait while checking \" GOLD \" commodities...","selected_commodities":1}]
2021-12-03 18:40:00,084 - urllib3.connectionpool - DEBUG - Starting new HTTPS connection (1): api.kite.trade:443
2021-12-03 18:40:00,403 - urllib3.connectionpool - DEBUG - https://api.kite.trade:443 "GET /instruments/historical/59627015/15minute?from=2021-11-03&to=2021-12-03&interval=15minute&continuous=0&oi=0 HTTP/1.1" 200 15585
2021-12-03 18:40:02,183 - socketio.server - INFO - emitting event "log_report" to all [/]
2021-12-03 18:40:02,184 - engineio.server - INFO - FTUzUYedzeGPtg99AAAC: Sending packet MESSAGE data 2["log_report",{"logReport":"Successfully logged in Kite API!\nstart checking at : 2021-12-03 18:39:00.014664\nPlease wait while checking \" GOLD \" commodities...\nSUPER_TREND : GREEN : BUY\nNo trade this session...\n--------End-----------\nstart checking at : 2021-12-03 18:40:00.024331\nPlease wait while checking \" GOLD \" commodities...\nSUPER_TREND : GREEN : BUY","selected_commodities":1}]
2021-12-03 18:40:03,196 - socketio.server - INFO - emitting event "log_report" to all [/]
2021-12-03 18:40:03,198 - engineio.server - INFO - FTUzUYedzeGPtg99AAAC: Sending packet MESSAGE data 2["log_report",{"logReport":"Successfully logged in Kite API!\nstart checking at : 2021-12-03 18:39:00.014664\nPlease wait while checking \" GOLD \" commodities...\nSUPER_TREND : GREEN : BUY\nNo trade this session...\n--------End-----------\nstart checking at : 2021-12-03 18:40:00.024331\nPlease wait while checking \" GOLD \" commodities...\nSUPER_TREND : GREEN : BUY\nNo trade this session...\n--------End-----------","selected_commodities":1}]
2021-12-03 18:40:03,203 - apscheduler.executors.default - INFO - Job "GoldCommodities.startCommoditiesAlgo (trigger: cron[hour='9,10,11,12,13,14,15,16,17,18,19,20,21,22,23', minute='*'], next run at: 2021-12-03 18:41:00 IST)" executed successfully
2021-12-03 18:40:03,350 - engineio.server - INFO - FTUzUYedzeGPtg99AAAC: Sending packet PING data None
2021-12-03 18:40:03,354 - engineio.server - INFO - FTUzUYedzeGPtg99AAAC: Received packet PONG data 
2021-12-03 18:40:28,357 - engineio.server - INFO - FTUzUYedzeGPtg99AAAC: Sending packet PING data None
2021-12-03 18:40:28,361 - engineio.server - INFO - FTUzUYedzeGPtg99AAAC: Received packet PONG data 
2021-12-03 18:40:53,364 - engineio.server - INFO - FTUzUYedzeGPtg99AAAC: Sending packet PING data None
2021-12-03 18:40:53,368 - engineio.server - INFO - FTUzUYedzeGPtg99AAAC: Received packet PONG data 
2021-12-03 18:41:00,006 - apscheduler.scheduler - DEBUG - Looking for jobs to run
2021-12-03 18:41:00,009 - apscheduler.scheduler - DEBUG - Next wakeup is due at 2021-12-03 18:42:00+05:30 (in 59.992876 seconds)
2021-12-03 18:41:00,009 - apscheduler.executors.default - INFO - Running job "GoldCommodities.startCommoditiesAlgo (trigger: cron[hour='9,10,11,12,13,14,15,16,17,18,19,20,21,22,23', minute='*'], next run at: 2021-12-03 18:42:00 IST)" (scheduled at 2021-12-03 18:41:00+05:30)
2021-12-03 18:41:00,022 - socketio.server - INFO - emitting event "log_report" to all [/]
2021-12-03 18:41:00,025 - engineio.server - INFO - FTUzUYedzeGPtg99AAAC: Sending packet MESSAGE data 2["log_report",{"logReport":"Successfully logged in Kite API!\nstart checking at : 2021-12-03 18:39:00.014664\nPlease wait while checking \" GOLD \" commodities...\nSUPER_TREND : GREEN : BUY\nNo trade this session...\n--------End-----------\nstart checking at : 2021-12-03 18:40:00.024331\nPlease wait while checking \" GOLD \" commodities...\nSUPER_TREND : GREEN : BUY\nNo trade this session...\n--------End-----------\nstart checking at : 2021-12-03 18:41:00.010123","selected_commodities":1}]
2021-12-03 18:41:00,081 - socketio.server - INFO - emitting event "log_report" to all [/]
2021-12-03 18:41:00,082 - engineio.server - INFO - FTUzUYedzeGPtg99AAAC: Sending packet MESSAGE data 2["log_report",{"logReport":"Successfully logged in Kite API!\nstart checking at : 2021-12-03 18:39:00.014664\nPlease wait while checking \" GOLD \" commodities...\nSUPER_TREND : GREEN : BUY\nNo trade this session...\n--------End-----------\nstart checking at : 2021-12-03 18:40:00.024331\nPlease wait while checking \" GOLD \" commodities...\nSUPER_TREND : GREEN : BUY\nNo trade this session...\n--------End-----------\nstart checking at : 2021-12-03 18:41:00.010123\nPlease wait while checking \" GOLD \" commodities...","selected_commodities":1}]
2021-12-03 18:41:00,136 - urllib3.connectionpool - DEBUG - Starting new HTTPS connection (1): api.kite.trade:443
2021-12-03 18:41:00,453 - urllib3.connectionpool - DEBUG - https://api.kite.trade:443 "GET /instruments/historical/59627015/15minute?from=2021-11-03&to=2021-12-03&interval=15minute&continuous=0&oi=0 HTTP/1.1" 200 15584
2021-12-03 18:41:01,954 - socketio.server - INFO - emitting event "log_report" to all [/]
2021-12-03 18:41:01,955 - engineio.server - INFO - FTUzUYedzeGPtg99AAAC: Sending packet MESSAGE data 2["log_report",{"logReport":"Successfully logged in Kite API!\nstart checking at : 2021-12-03 18:39:00.014664\nPlease wait while checking \" GOLD \" commodities...\nSUPER_TREND : GREEN : BUY\nNo trade this session...\n--------End-----------\nstart checking at : 2021-12-03 18:40:00.024331\nPlease wait while checking \" GOLD \" commodities...\nSUPER_TREND : GREEN : BUY\nNo trade this session...\n--------End-----------\nstart checking at : 2021-12-03 18:41:00.010123\nPlease wait while checking \" GOLD \" commodities...\nSUPER_TREND : GREEN : BUY","selected_commodities":1}]
2021-12-03 18:41:02,968 - socketio.server - INFO - emitting event "log_report" to all [/]
2021-12-03 18:41:02,973 - engineio.server - INFO - FTUzUYedzeGPtg99AAAC: Sending packet MESSAGE data 2["log_report",{"logReport":"Successfully logged in Kite API!\nstart checking at : 2021-12-03 18:39:00.014664\nPlease wait while checking \" GOLD \" commodities...\nSUPER_TREND : GREEN : BUY\nNo trade this session...\n--------End-----------\nstart checking at : 2021-12-03 18:40:00.024331\nPlease wait while checking \" GOLD \" commodities...\nSUPER_TREND : GREEN : BUY\nNo trade this session...\n--------End-----------\nstart checking at : 2021-12-03 18:41:00.010123\nPlease wait while checking \" GOLD \" commodities...\nSUPER_TREND : GREEN : BUY\nNo trade this session...\n--------End-----------","selected_commodities":1}]
2021-12-03 18:41:02,978 - apscheduler.executors.default - INFO - Job "GoldCommodities.startCommoditiesAlgo (trigger: cron[hour='9,10,11,12,13,14,15,16,17,18,19,20,21,22,23', minute='*'], next run at: 2021-12-03 18:42:00 IST)" executed successfully
2021-12-03 18:41:18,369 - engineio.server - INFO - FTUzUYedzeGPtg99AAAC: Sending packet PING data None
2021-12-03 18:41:18,373 - engineio.server - INFO - FTUzUYedzeGPtg99AAAC: Received packet PONG data 
2021-12-03 18:41:43,375 - engineio.server - INFO - FTUzUYedzeGPtg99AAAC: Sending packet PING data None
2021-12-03 18:41:43,378 - engineio.server - INFO - FTUzUYedzeGPtg99AAAC: Received packet PONG data 
2021-12-03 18:42:00,008 - apscheduler.scheduler - DEBUG - Looking for jobs to run
2021-12-03 18:42:00,011 - apscheduler.scheduler - DEBUG - Next wakeup is due at 2021-12-03 18:43:00+05:30 (in 59.990894 seconds)
2021-12-03 18:42:00,011 - apscheduler.executors.default - INFO - Running job "GoldCommodities.startCommoditiesAlgo (trigger: cron[hour='9,10,11,12,13,14,15,16,17,18,19,20,21,22,23', minute='*'], next run at: 2021-12-03 18:43:00 IST)" (scheduled at 2021-12-03 18:42:00+05:30)
2021-12-03 18:42:00,019 - socketio.server - INFO - emitting event "log_report" to all [/]
2021-12-03 18:42:00,022 - engineio.server - INFO - FTUzUYedzeGPtg99AAAC: Sending packet MESSAGE data 2["log_report",{"logReport":"Successfully logged in Kite API!\nstart checking at : 2021-12-03 18:39:00.014664\nPlease wait while checking \" GOLD \" commodities...\nSUPER_TREND : GREEN : BUY\nNo trade this session...\n--------End-----------\nstart checking at : 2021-12-03 18:40:00.024331\nPlease wait while checking \" GOLD \" commodities...\nSUPER_TREND : GREEN : BUY\nNo trade this session...\n--------End-----------\nstart checking at : 2021-12-03 18:41:00.010123\nPlease wait while checking \" GOLD \" commodities...\nSUPER_TREND : GREEN : BUY\nNo trade this session...\n--------End-----------\nstart checking at : 2021-12-03 18:42:00.012104","selected_commodities":1}]
2021-12-03 18:42:00,056 - socketio.server - INFO - emitting event "log_report" to all [/]
2021-12-03 18:42:00,057 - engineio.server - INFO - FTUzUYedzeGPtg99AAAC: Sending packet MESSAGE data 2["log_report",{"logReport":"Successfully logged in Kite API!\nstart checking at : 2021-12-03 18:39:00.014664\nPlease wait while checking \" GOLD \" commodities...\nSUPER_TREND : GREEN : BUY\nNo trade this session...\n--------End-----------\nstart checking at : 2021-12-03 18:40:00.024331\nPlease wait while checking \" GOLD \" commodities...\nSUPER_TREND : GREEN : BUY\nNo trade this session...\n--------End-----------\nstart checking at : 2021-12-03 18:41:00.010123\nPlease wait while checking \" GOLD \" commodities...\nSUPER_TREND : GREEN : BUY\nNo trade this session...\n--------End-----------\nstart checking at : 2021-12-03 18:42:00.012104\nPlease wait while checking \" GOLD \" commodities...","selected_commodities":1}]
2021-12-03 18:42:00,063 - urllib3.connectionpool - DEBUG - Starting new HTTPS connection (1): api.kite.trade:443
2021-12-03 18:42:00,235 - urllib3.connectionpool - DEBUG - https://api.kite.trade:443 "GET /instruments/historical/59627015/15minute?from=2021-11-03&to=2021-12-03&interval=15minute&continuous=0&oi=0 HTTP/1.1" 200 15586
2021-12-03 18:42:01,544 - socketio.server - INFO - emitting event "log_report" to all [/]
2021-12-03 18:42:01,545 - engineio.server - INFO - FTUzUYedzeGPtg99AAAC: Sending packet MESSAGE data 2["log_report",{"logReport":"Successfully logged in Kite API!\nstart checking at : 2021-12-03 18:39:00.014664\nPlease wait while checking \" GOLD \" commodities...\nSUPER_TREND : GREEN : BUY\nNo trade this session...\n--------End-----------\nstart checking at : 2021-12-03 18:40:00.024331\nPlease wait while checking \" GOLD \" commodities...\nSUPER_TREND : GREEN : BUY\nNo trade this session...\n--------End-----------\nstart checking at : 2021-12-03 18:41:00.010123\nPlease wait while checking \" GOLD \" commodities...\nSUPER_TREND : GREEN : BUY\nNo trade this session...\n--------End-----------\nstart checking at : 2021-12-03 18:42:00.012104\nPlease wait while checking \" GOLD \" commodities...\nSUPER_TREND : GREEN : BUY","selected_commodities":1}]
2021-12-03 18:42:02,575 - socketio.server - INFO - emitting event "log_report" to all [/]
2021-12-03 18:42:02,576 - engineio.server - INFO - FTUzUYedzeGPtg99AAAC: Sending packet MESSAGE data 2["log_report",{"logReport":"Successfully logged in Kite API!\nstart checking at : 2021-12-03 18:39:00.014664\nPlease wait while checking \" GOLD \" commodities...\nSUPER_TREND : GREEN : BUY\nNo trade this session...\n--------End-----------\nstart checking at : 2021-12-03 18:40:00.024331\nPlease wait while checking \" GOLD \" commodities...\nSUPER_TREND : GREEN : BUY\nNo trade this session...\n--------End-----------\nstart checking at : 2021-12-03 18:41:00.010123\nPlease wait while checking \" GOLD \" commodities...\nSUPER_TREND : GREEN : BUY\nNo trade this session...\n--------End-----------\nstart checking at : 2021-12-03 18:42:00.012104\nPlease wait while checking \" GOLD \" commodities...\nSUPER_TREND : GREEN : BUY\nNo trade this session...\n--------End-----------","selected_commodities":1}]
2021-12-03 18:42:02,579 - apscheduler.executors.default - INFO - Job "GoldCommodities.startCommoditiesAlgo (trigger: cron[hour='9,10,11,12,13,14,15,16,17,18,19,20,21,22,23', minute='*'], next run at: 2021-12-03 18:43:00 IST)" executed successfully
2021-12-03 18:42:08,380 - engineio.server - INFO - FTUzUYedzeGPtg99AAAC: Sending packet PING data None
2021-12-03 18:42:08,384 - engineio.server - INFO - FTUzUYedzeGPtg99AAAC: Received packet PONG data 
2021-12-03 18:42:33,387 - engineio.server - INFO - FTUzUYedzeGPtg99AAAC: Sending packet PING data None
2021-12-03 18:42:33,392 - engineio.server - INFO - FTUzUYedzeGPtg99AAAC: Received packet PONG data 
2021-12-03 18:42:58,394 - engineio.server - INFO - FTUzUYedzeGPtg99AAAC: Sending packet PING data None
2021-12-03 18:42:58,397 - engineio.server - INFO - FTUzUYedzeGPtg99AAAC: Received packet PONG data 
2021-12-03 18:43:00,003 - apscheduler.scheduler - DEBUG - Looking for jobs to run
2021-12-03 18:43:00,005 - apscheduler.scheduler - DEBUG - Next wakeup is due at 2021-12-03 18:44:00+05:30 (in 59.996876 seconds)
2021-12-03 18:43:00,006 - apscheduler.executors.default - INFO - Running job "GoldCommodities.startCommoditiesAlgo (trigger: cron[hour='9,10,11,12,13,14,15,16,17,18,19,20,21,22,23', minute='*'], next run at: 2021-12-03 18:44:00 IST)" (scheduled at 2021-12-03 18:43:00+05:30)
2021-12-03 18:43:00,046 - socketio.server - INFO - emitting event "log_report" to all [/]
2021-12-03 18:43:00,047 - engineio.server - INFO - FTUzUYedzeGPtg99AAAC: Sending packet MESSAGE data 2["log_report",{"logReport":"Successfully logged in Kite API!\nstart checking at : 2021-12-03 18:39:00.014664\nPlease wait while checking \" GOLD \" commodities...\nSUPER_TREND : GREEN : BUY\nNo trade this session...\n--------End-----------\nstart checking at : 2021-12-03 18:40:00.024331\nPlease wait while checking \" GOLD \" commodities...\nSUPER_TREND : GREEN : BUY\nNo trade this session...\n--------End-----------\nstart checking at : 2021-12-03 18:41:00.010123\nPlease wait while checking \" GOLD \" commodities...\nSUPER_TREND : GREEN : BUY\nNo trade this session...\n--------End-----------\nstart checking at : 2021-12-03 18:42:00.012104\nPlease wait while checking \" GOLD \" commodities...\nSUPER_TREND : GREEN : BUY\nNo trade this session...\n--------End-----------\nstart checking at : 2021-12-03 18:43:00.007123","selected_commodities":1}]
2021-12-03 18:43:00,075 - socketio.server - INFO - emitting event "log_report" to all [/]
2021-12-03 18:43:00,076 - engineio.server - INFO - FTUzUYedzeGPtg99AAAC: Sending packet MESSAGE data 2["log_report",{"logReport":"Successfully logged in Kite API!\nstart checking at : 2021-12-03 18:39:00.014664\nPlease wait while checking \" GOLD \" commodities...\nSUPER_TREND : GREEN : BUY\nNo trade this session...\n--------End-----------\nstart checking at : 2021-12-03 18:40:00.024331\nPlease wait while checking \" GOLD \" commodities...\nSUPER_TREND : GREEN : BUY\nNo trade this session...\n--------End-----------\nstart checking at : 2021-12-03 18:41:00.010123\nPlease wait while checking \" GOLD \" commodities...\nSUPER_TREND : GREEN : BUY\nNo trade this session...\n--------End-----------\nstart checking at : 2021-12-03 18:42:00.012104\nPlease wait while checking \" GOLD \" commodities...\nSUPER_TREND : GREEN : BUY\nNo trade this session...\n--------End-----------\nstart checking at : 2021-12-03 18:43:00.007123\nPlease wait while checking \" GOLD \" commodities...","selected_commodities":1}]
2021-12-03 18:43:00,082 - urllib3.connectionpool - DEBUG - Starting new HTTPS connection (1): api.kite.trade:443
2021-12-03 18:43:00,490 - urllib3.connectionpool - DEBUG - https://api.kite.trade:443 "GET /instruments/historical/59627015/15minute?from=2021-11-03&to=2021-12-03&interval=15minute&continuous=0&oi=0 HTTP/1.1" 200 15585
2021-12-03 18:43:01,609 - socketio.server - INFO - emitting event "log_report" to all [/]
2021-12-03 18:43:01,609 - engineio.server - INFO - FTUzUYedzeGPtg99AAAC: Sending packet MESSAGE data 2["log_report",{"logReport":"Successfully logged in Kite API!\nstart checking at : 2021-12-03 18:39:00.014664\nPlease wait while checking \" GOLD \" commodities...\nSUPER_TREND : GREEN : BUY\nNo trade this session...\n--------End-----------\nstart checking at : 2021-12-03 18:40:00.024331\nPlease wait while checking \" GOLD \" commodities...\nSUPER_TREND : GREEN : BUY\nNo trade this session...\n--------End-----------\nstart checking at : 2021-12-03 18:41:00.010123\nPlease wait while checking \" GOLD \" commodities...\nSUPER_TREND : GREEN : BUY\nNo trade this session...\n--------End-----------\nstart checking at : 2021-12-03 18:42:00.012104\nPlease wait while checking \" GOLD \" commodities...\nSUPER_TREND : GREEN : BUY\nNo trade this session...\n--------End-----------\nstart checking at : 2021-12-03 18:43:00.007123\nPlease wait while checking \" GOLD \" commodities...\nSUPER_TREND : GREEN : BUY","selected_commodities":1}]
2021-12-03 18:43:02,638 - socketio.server - INFO - emitting event "log_report" to all [/]
2021-12-03 18:43:02,639 - engineio.server - INFO - FTUzUYedzeGPtg99AAAC: Sending packet MESSAGE data 2["log_report",{"logReport":"Successfully logged in Kite API!\nstart checking at : 2021-12-03 18:39:00.014664\nPlease wait while checking \" GOLD \" commodities...\nSUPER_TREND : GREEN : BUY\nNo trade this session...\n--------End-----------\nstart checking at : 2021-12-03 18:40:00.024331\nPlease wait while checking \" GOLD \" commodities...\nSUPER_TREND : GREEN : BUY\nNo trade this session...\n--------End-----------\nstart checking at : 2021-12-03 18:41:00.010123\nPlease wait while checking \" GOLD \" commodities...\nSUPER_TREND : GREEN : BUY\nNo trade this session...\n--------End-----------\nstart checking at : 2021-12-03 18:42:00.012104\nPlease wait while checking \" GOLD \" commodities...\nSUPER_TREND : GREEN : BUY\nNo trade this session...\n--------End-----------\nstart checking at : 2021-12-03 18:43:00.007123\nPlease wait while checking \" GOLD \" commodities...\nSUPER_TREND : GREEN : BUY\nNo trade this session...\n--------End-----------","selected_commodities":1}]
2021-12-03 18:43:02,645 - apscheduler.executors.default - INFO - Job "GoldCommodities.startCommoditiesAlgo (trigger: cron[hour='9,10,11,12,13,14,15,16,17,18,19,20,21,22,23', minute='*'], next run at: 2021-12-03 18:44:00 IST)" executed successfully
2021-12-03 18:43:23,400 - engineio.server - INFO - FTUzUYedzeGPtg99AAAC: Sending packet PING data None
2021-12-03 18:43:23,404 - engineio.server - INFO - FTUzUYedzeGPtg99AAAC: Received packet PONG data 
2021-12-03 18:43:48,405 - engineio.server - INFO - FTUzUYedzeGPtg99AAAC: Sending packet PING data None
2021-12-03 18:43:48,409 - engineio.server - INFO - FTUzUYedzeGPtg99AAAC: Received packet PONG data 
2021-12-03 18:44:00,004 - apscheduler.scheduler - DEBUG - Looking for jobs to run
2021-12-03 18:44:00,007 - apscheduler.scheduler - DEBUG - Next wakeup is due at 2021-12-03 18:45:00+05:30 (in 59.994875 seconds)
2021-12-03 18:44:00,008 - apscheduler.executors.default - INFO - Running job "GoldCommodities.startCommoditiesAlgo (trigger: cron[hour='9,10,11,12,13,14,15,16,17,18,19,20,21,22,23', minute='*'], next run at: 2021-12-03 18:45:00 IST)" (scheduled at 2021-12-03 18:44:00+05:30)
2021-12-03 18:44:00,046 - socketio.server - INFO - emitting event "log_report" to all [/]
2021-12-03 18:44:00,047 - engineio.server - INFO - FTUzUYedzeGPtg99AAAC: Sending packet MESSAGE data 2["log_report",{"logReport":"Successfully logged in Kite API!\nstart checking at : 2021-12-03 18:39:00.014664\nPlease wait while checking \" GOLD \" commodities...\nSUPER_TREND : GREEN : BUY\nNo trade this session...\n--------End-----------\nstart checking at : 2021-12-03 18:40:00.024331\nPlease wait while checking \" GOLD \" commodities...\nSUPER_TREND : GREEN : BUY\nNo trade this session...\n--------End-----------\nstart checking at : 2021-12-03 18:41:00.010123\nPlease wait while checking \" GOLD \" commodities...\nSUPER_TREND : GREEN : BUY\nNo trade this session...\n--------End-----------\nstart checking at : 2021-12-03 18:42:00.012104\nPlease wait while checking \" GOLD \" commodities...\nSUPER_TREND : GREEN : BUY\nNo trade this session...\n--------End-----------\nstart checking at : 2021-12-03 18:43:00.007123\nPlease wait while checking \" GOLD \" commodities...\nSUPER_TREND : GREEN : BUY\nNo trade this session...\n--------End-----------\nstart checking at : 2021-12-03 18:44:00.009123","selected_commodities":1}]
2021-12-03 18:44:00,076 - socketio.server - INFO - emitting event "log_report" to all [/]
2021-12-03 18:44:00,077 - engineio.server - INFO - FTUzUYedzeGPtg99AAAC: Sending packet MESSAGE data 2["log_report",{"logReport":"Successfully logged in Kite API!\nstart checking at : 2021-12-03 18:39:00.014664\nPlease wait while checking \" GOLD \" commodities...\nSUPER_TREND : GREEN : BUY\nNo trade this session...\n--------End-----------\nstart checking at : 2021-12-03 18:40:00.024331\nPlease wait while checking \" GOLD \" commodities...\nSUPER_TREND : GREEN : BUY\nNo trade this session...\n--------End-----------\nstart checking at : 2021-12-03 18:41:00.010123\nPlease wait while checking \" GOLD \" commodities...\nSUPER_TREND : GREEN : BUY\nNo trade this session...\n--------End-----------\nstart checking at : 2021-12-03 18:42:00.012104\nPlease wait while checking \" GOLD \" commodities...\nSUPER_TREND : GREEN : BUY\nNo trade this session...\n--------End-----------\nstart checking at : 2021-12-03 18:43:00.007123\nPlease wait while checking \" GOLD \" commodities...\nSUPER_TREND : GREEN : BUY\nNo trade this session...\n--------End-----------\nstart checking at : 2021-12-03 18:44:00.009123\nPlease wait while checking \" GOLD \" commodities...","selected_commodities":1}]
2021-12-03 18:44:00,084 - urllib3.connectionpool - DEBUG - Starting new HTTPS connection (1): api.kite.trade:443
2021-12-03 18:44:01,271 - urllib3.connectionpool - DEBUG - https://api.kite.trade:443 "GET /instruments/historical/59627015/15minute?from=2021-11-03&to=2021-12-03&interval=15minute&continuous=0&oi=0 HTTP/1.1" 200 15585
2021-12-03 18:44:02,766 - socketio.server - INFO - emitting event "log_report" to all [/]
2021-12-03 18:44:02,767 - engineio.server - INFO - FTUzUYedzeGPtg99AAAC: Sending packet MESSAGE data 2["log_report",{"logReport":"Successfully logged in Kite API!\nstart checking at : 2021-12-03 18:39:00.014664\nPlease wait while checking \" GOLD \" commodities...\nSUPER_TREND : GREEN : BUY\nNo trade this session...\n--------End-----------\nstart checking at : 2021-12-03 18:40:00.024331\nPlease wait while checking \" GOLD \" commodities...\nSUPER_TREND : GREEN : BUY\nNo trade this session...\n--------End-----------\nstart checking at : 2021-12-03 18:41:00.010123\nPlease wait while checking \" GOLD \" commodities...\nSUPER_TREND : GREEN : BUY\nNo trade this session...\n--------End-----------\nstart checking at : 2021-12-03 18:42:00.012104\nPlease wait while checking \" GOLD \" commodities...\nSUPER_TREND : GREEN : BUY\nNo trade this session...\n--------End-----------\nstart checking at : 2021-12-03 18:43:00.007123\nPlease wait while checking \" GOLD \" commodities...\nSUPER_TREND : GREEN : BUY\nNo trade this session...\n--------End-----------\nstart checking at : 2021-12-03 18:44:00.009123\nPlease wait while checking \" GOLD \" commodities...\nSUPER_TREND : GREEN : BUY","selected_commodities":1}]
2021-12-03 18:44:03,800 - socketio.server - INFO - emitting event "log_report" to all [/]
2021-12-03 18:44:03,801 - engineio.server - INFO - FTUzUYedzeGPtg99AAAC: Sending packet MESSAGE data 2["log_report",{"logReport":"Successfully logged in Kite API!\nstart checking at : 2021-12-03 18:39:00.014664\nPlease wait while checking \" GOLD \" commodities...\nSUPER_TREND : GREEN : BUY\nNo trade this session...\n--------End-----------\nstart checking at : 2021-12-03 18:40:00.024331\nPlease wait while checking \" GOLD \" commodities...\nSUPER_TREND : GREEN : BUY\nNo trade this session...\n--------End-----------\nstart checking at : 2021-12-03 18:41:00.010123\nPlease wait while checking \" GOLD \" commodities...\nSUPER_TREND : GREEN : BUY\nNo trade this session...\n--------End-----------\nstart checking at : 2021-12-03 18:42:00.012104\nPlease wait while checking \" GOLD \" commodities...\nSUPER_TREND : GREEN : BUY\nNo trade this session...\n--------End-----------\nstart checking at : 2021-12-03 18:43:00.007123\nPlease wait while checking \" GOLD \" commodities...\nSUPER_TREND : GREEN : BUY\nNo trade this session...\n--------End-----------\nstart checking at : 2021-12-03 18:44:00.009123\nPlease wait while checking \" GOLD \" commodities...\nSUPER_TREND : GREEN : BUY\nNo trade this session...\n--------End-----------","selected_commodities":1}]
2021-12-03 18:44:03,804 - apscheduler.executors.default - INFO - Job "GoldCommodities.startCommoditiesAlgo (trigger: cron[hour='9,10,11,12,13,14,15,16,17,18,19,20,21,22,23', minute='*'], next run at: 2021-12-03 18:45:00 IST)" executed successfully
2021-12-03 18:44:13,411 - engineio.server - INFO - FTUzUYedzeGPtg99AAAC: Sending packet PING data None
2021-12-03 18:44:13,415 - engineio.server - INFO - FTUzUYedzeGPtg99AAAC: Received packet PONG data 
2021-12-03 18:44:38,417 - engineio.server - INFO - FTUzUYedzeGPtg99AAAC: Sending packet PING data None
2021-12-03 18:44:38,421 - engineio.server - INFO - FTUzUYedzeGPtg99AAAC: Received packet PONG data 
2021-12-03 18:45:00,007 - apscheduler.scheduler - DEBUG - Looking for jobs to run
2021-12-03 18:45:00,010 - apscheduler.scheduler - DEBUG - Next wakeup is due at 2021-12-03 18:46:00+05:30 (in 59.991988 seconds)
2021-12-03 18:45:00,010 - apscheduler.executors.default - INFO - Running job "GoldCommodities.startCommoditiesAlgo (trigger: cron[hour='9,10,11,12,13,14,15,16,17,18,19,20,21,22,23', minute='*'], next run at: 2021-12-03 18:46:00 IST)" (scheduled at 2021-12-03 18:45:00+05:30)
2021-12-03 18:45:00,037 - socketio.server - INFO - emitting event "log_report" to all [/]
2021-12-03 18:45:00,039 - engineio.server - INFO - FTUzUYedzeGPtg99AAAC: Sending packet MESSAGE data 2["log_report",{"logReport":"Successfully logged in Kite API!\nstart checking at : 2021-12-03 18:39:00.014664\nPlease wait while checking \" GOLD \" commodities...\nSUPER_TREND : GREEN : BUY\nNo trade this session...\n--------End-----------\nstart checking at : 2021-12-03 18:40:00.024331\nPlease wait while checking \" GOLD \" commodities...\nSUPER_TREND : GREEN : BUY\nNo trade this session...\n--------End-----------\nstart checking at : 2021-12-03 18:41:00.010123\nPlease wait while checking \" GOLD \" commodities...\nSUPER_TREND : GREEN : BUY\nNo trade this session...\n--------End-----------\nstart checking at : 2021-12-03 18:42:00.012104\nPlease wait while checking \" GOLD \" commodities...\nSUPER_TREND : GREEN : BUY\nNo trade this session...\n--------End-----------\nstart checking at : 2021-12-03 18:43:00.007123\nPlease wait while checking \" GOLD \" commodities...\nSUPER_TREND : GREEN : BUY\nNo trade this session...\n--------End-----------\nstart checking at : 2021-12-03 18:44:00.009123\nPlease wait while checking \" GOLD \" commodities...\nSUPER_TREND : GREEN : BUY\nNo trade this session...\n--------End-----------\nstart checking at : 2021-12-03 18:45:00.011013","selected_commodities":1}]
2021-12-03 18:45:00,073 - socketio.server - INFO - emitting event "log_report" to all [/]
2021-12-03 18:45:00,074 - engineio.server - INFO - FTUzUYedzeGPtg99AAAC: Sending packet MESSAGE data 2["log_report",{"logReport":"Successfully logged in Kite API!\nstart checking at : 2021-12-03 18:39:00.014664\nPlease wait while checking \" GOLD \" commodities...\nSUPER_TREND : GREEN : BUY\nNo trade this session...\n--------End-----------\nstart checking at : 2021-12-03 18:40:00.024331\nPlease wait while checking \" GOLD \" commodities...\nSUPER_TREND : GREEN : BUY\nNo trade this session...\n--------End-----------\nstart checking at : 2021-12-03 18:41:00.010123\nPlease wait while checking \" GOLD \" commodities...\nSUPER_TREND : GREEN : BUY\nNo trade this session...\n--------End-----------\nstart checking at : 2021-12-03 18:42:00.012104\nPlease wait while checking \" GOLD \" commodities...\nSUPER_TREND : GREEN : BUY\nNo trade this session...\n--------End-----------\nstart checking at : 2021-12-03 18:43:00.007123\nPlease wait while checking \" GOLD \" commodities...\nSUPER_TREND : GREEN : BUY\nNo trade this session...\n--------End-----------\nstart checking at : 2021-12-03 18:44:00.009123\nPlease wait while checking \" GOLD \" commodities...\nSUPER_TREND : GREEN : BUY\nNo trade this session...\n--------End-----------\nstart checking at : 2021-12-03 18:45:00.011013\nPlease wait while checking \" GOLD \" commodities...","selected_commodities":1}]
2021-12-03 18:45:00,080 - urllib3.connectionpool - DEBUG - Starting new HTTPS connection (1): api.kite.trade:443
2021-12-03 18:45:00,273 - urllib3.connectionpool - DEBUG - https://api.kite.trade:443 "GET /instruments/historical/59627015/15minute?from=2021-11-03&to=2021-12-03&interval=15minute&continuous=0&oi=0 HTTP/1.1" 200 15584
2021-12-03 18:45:01,469 - socketio.server - INFO - emitting event "log_report" to all [/]
2021-12-03 18:45:01,469 - engineio.server - INFO - FTUzUYedzeGPtg99AAAC: Sending packet MESSAGE data 2["log_report",{"logReport":"Successfully logged in Kite API!\nstart checking at : 2021-12-03 18:39:00.014664\nPlease wait while checking \" GOLD \" commodities...\nSUPER_TREND : GREEN : BUY\nNo trade this session...\n--------End-----------\nstart checking at : 2021-12-03 18:40:00.024331\nPlease wait while checking \" GOLD \" commodities...\nSUPER_TREND : GREEN : BUY\nNo trade this session...\n--------End-----------\nstart checking at : 2021-12-03 18:41:00.010123\nPlease wait while checking \" GOLD \" commodities...\nSUPER_TREND : GREEN : BUY\nNo trade this session...\n--------End-----------\nstart checking at : 2021-12-03 18:42:00.012104\nPlease wait while checking \" GOLD \" commodities...\nSUPER_TREND : GREEN : BUY\nNo trade this session...\n--------End-----------\nstart checking at : 2021-12-03 18:43:00.007123\nPlease wait while checking \" GOLD \" commodities...\nSUPER_TREND : GREEN : BUY\nNo trade this session...\n--------End-----------\nstart checking at : 2021-12-03 18:44:00.009123\nPlease wait while checking \" GOLD \" commodities...\nSUPER_TREND : GREEN : BUY\nNo trade this session...\n--------End-----------\nstart checking at : 2021-12-03 18:45:00.011013\nPlease wait while checking \" GOLD \" commodities...\nSUPER_TREND : GREEN : BUY","selected_commodities":1}]
2021-12-03 18:45:02,492 - socketio.server - INFO - emitting event "log_report" to all [/]
2021-12-03 18:45:02,495 - engineio.server - INFO - FTUzUYedzeGPtg99AAAC: Sending packet MESSAGE data 2["log_report",{"logReport":"Successfully logged in Kite API!\nstart checking at : 2021-12-03 18:39:00.014664\nPlease wait while checking \" GOLD \" commodities...\nSUPER_TREND : GREEN : BUY\nNo trade this session...\n--------End-----------\nstart checking at : 2021-12-03 18:40:00.024331\nPlease wait while checking \" GOLD \" commodities...\nSUPER_TREND : GREEN : BUY\nNo trade this session...\n--------End-----------\nstart checking at : 2021-12-03 18:41:00.010123\nPlease wait while checking \" GOLD \" commodities...\nSUPER_TREND : GREEN : BUY\nNo trade this session...\n--------End-----------\nstart checking at : 2021-12-03 18:42:00.012104\nPlease wait while checking \" GOLD \" commodities...\nSUPER_TREND : GREEN : BUY\nNo trade this session...\n--------End-----------\nstart checking at : 2021-12-03 18:43:00.007123\nPlease wait while checking \" GOLD \" commodities...\nSUPER_TREND : GREEN : BUY\nNo trade this session...\n--------End-----------\nstart checking at : 2021-12-03 18:44:00.009123\nPlease wait while checking \" GOLD \" commodities...\nSUPER_TREND : GREEN : BUY\nNo trade this session...\n--------End-----------\nstart checking at : 2021-12-03 18:45:00.011013\nPlease wait while checking \" GOLD \" commodities...\nSUPER_TREND : GREEN : BUY\nNo trade this session...\n--------End-----------","selected_commodities":1}]
2021-12-03 18:45:02,498 - apscheduler.executors.default - INFO - Job "GoldCommodities.startCommoditiesAlgo (trigger: cron[hour='9,10,11,12,13,14,15,16,17,18,19,20,21,22,23', minute='*'], next run at: 2021-12-03 18:46:00 IST)" executed successfully
2021-12-03 18:45:03,423 - engineio.server - INFO - FTUzUYedzeGPtg99AAAC: Sending packet PING data None
2021-12-03 18:45:03,427 - engineio.server - INFO - FTUzUYedzeGPtg99AAAC: Received packet PONG data 
2021-12-03 18:45:28,429 - engineio.server - INFO - FTUzUYedzeGPtg99AAAC: Sending packet PING data None
2021-12-03 18:45:28,432 - engineio.server - INFO - FTUzUYedzeGPtg99AAAC: Received packet PONG data 
2021-12-03 18:45:53,435 - engineio.server - INFO - FTUzUYedzeGPtg99AAAC: Sending packet PING data None
2021-12-03 18:45:53,438 - engineio.server - INFO - FTUzUYedzeGPtg99AAAC: Received packet PONG data 
2021-12-03 18:46:00,006 - apscheduler.scheduler - DEBUG - Looking for jobs to run
2021-12-03 18:46:00,009 - apscheduler.scheduler - DEBUG - Next wakeup is due at 2021-12-03 18:47:00+05:30 (in 59.992887 seconds)
2021-12-03 18:46:00,009 - apscheduler.executors.default - INFO - Running job "GoldCommodities.startCommoditiesAlgo (trigger: cron[hour='9,10,11,12,13,14,15,16,17,18,19,20,21,22,23', minute='*'], next run at: 2021-12-03 18:47:00 IST)" (scheduled at 2021-12-03 18:46:00+05:30)
2021-12-03 18:46:00,046 - socketio.server - INFO - emitting event "log_report" to all [/]
2021-12-03 18:46:00,047 - engineio.server - INFO - FTUzUYedzeGPtg99AAAC: Sending packet MESSAGE data 2["log_report",{"logReport":"Successfully logged in Kite API!\nstart checking at : 2021-12-03 18:39:00.014664\nPlease wait while checking \" GOLD \" commodities...\nSUPER_TREND : GREEN : BUY\nNo trade this session...\n--------End-----------\nstart checking at : 2021-12-03 18:40:00.024331\nPlease wait while checking \" GOLD \" commodities...\nSUPER_TREND : GREEN : BUY\nNo trade this session...\n--------End-----------\nstart checking at : 2021-12-03 18:41:00.010123\nPlease wait while checking \" GOLD \" commodities...\nSUPER_TREND : GREEN : BUY\nNo trade this session...\n--------End-----------\nstart checking at : 2021-12-03 18:42:00.012104\nPlease wait while checking \" GOLD \" commodities...\nSUPER_TREND : GREEN : BUY\nNo trade this session...\n--------End-----------\nstart checking at : 2021-12-03 18:43:00.007123\nPlease wait while checking \" GOLD \" commodities...\nSUPER_TREND : GREEN : BUY\nNo trade this session...\n--------End-----------\nstart checking at : 2021-12-03 18:44:00.009123\nPlease wait while checking \" GOLD \" commodities...\nSUPER_TREND : GREEN : BUY\nNo trade this session...\n--------End-----------\nstart checking at : 2021-12-03 18:45:00.011013\nPlease wait while checking \" GOLD \" commodities...\nSUPER_TREND : GREEN : BUY\nNo trade this session...\n--------End-----------\nstart checking at : 2021-12-03 18:46:00.010112","selected_commodities":1}]
2021-12-03 18:46:00,075 - socketio.server - INFO - emitting event "log_report" to all [/]
2021-12-03 18:46:00,076 - engineio.server - INFO - FTUzUYedzeGPtg99AAAC: Sending packet MESSAGE data 2["log_report",{"logReport":"Successfully logged in Kite API!\nstart checking at : 2021-12-03 18:39:00.014664\nPlease wait while checking \" GOLD \" commodities...\nSUPER_TREND : GREEN : BUY\nNo trade this session...\n--------End-----------\nstart checking at : 2021-12-03 18:40:00.024331\nPlease wait while checking \" GOLD \" commodities...\nSUPER_TREND : GREEN : BUY\nNo trade this session...\n--------End-----------\nstart checking at : 2021-12-03 18:41:00.010123\nPlease wait while checking \" GOLD \" commodities...\nSUPER_TREND : GREEN : BUY\nNo trade this session...\n--------End-----------\nstart checking at : 2021-12-03 18:42:00.012104\nPlease wait while checking \" GOLD \" commodities...\nSUPER_TREND : GREEN : BUY\nNo trade this session...\n--------End-----------\nstart checking at : 2021-12-03 18:43:00.007123\nPlease wait while checking \" GOLD \" commodities...\nSUPER_TREND : GREEN : BUY\nNo trade this session...\n--------End-----------\nstart checking at : 2021-12-03 18:44:00.009123\nPlease wait while checking \" GOLD \" commodities...\nSUPER_TREND : GREEN : BUY\nNo trade this session...\n--------End-----------\nstart checking at : 2021-12-03 18:45:00.011013\nPlease wait while checking \" GOLD \" commodities...\nSUPER_TREND : GREEN : BUY\nNo trade this session...\n--------End-----------\nstart checking at : 2021-12-03 18:46:00.010112\nPlease wait while checking \" GOLD \" commodities...","selected_commodities":1}]
2021-12-03 18:46:00,083 - urllib3.connectionpool - DEBUG - Starting new HTTPS connection (1): api.kite.trade:443
2021-12-03 18:46:00,314 - urllib3.connectionpool - DEBUG - https://api.kite.trade:443 "GET /instruments/historical/59627015/15minute?from=2021-11-03&to=2021-12-03&interval=15minute&continuous=0&oi=0 HTTP/1.1" 200 15595
2021-12-03 18:46:01,496 - socketio.server - INFO - emitting event "log_report" to all [/]
2021-12-03 18:46:01,496 - engineio.server - INFO - FTUzUYedzeGPtg99AAAC: Sending packet MESSAGE data 2["log_report",{"logReport":"Successfully logged in Kite API!\nstart checking at : 2021-12-03 18:39:00.014664\nPlease wait while checking \" GOLD \" commodities...\nSUPER_TREND : GREEN : BUY\nNo trade this session...\n--------End-----------\nstart checking at : 2021-12-03 18:40:00.024331\nPlease wait while checking \" GOLD \" commodities...\nSUPER_TREND : GREEN : BUY\nNo trade this session...\n--------End-----------\nstart checking at : 2021-12-03 18:41:00.010123\nPlease wait while checking \" GOLD \" commodities...\nSUPER_TREND : GREEN : BUY\nNo trade this session...\n--------End-----------\nstart checking at : 2021-12-03 18:42:00.012104\nPlease wait while checking \" GOLD \" commodities...\nSUPER_TREND : GREEN : BUY\nNo trade this session...\n--------End-----------\nstart checking at : 2021-12-03 18:43:00.007123\nPlease wait while checking \" GOLD \" commodities...\nSUPER_TREND : GREEN : BUY\nNo trade this session...\n--------End-----------\nstart checking at : 2021-12-03 18:44:00.009123\nPlease wait while checking \" GOLD \" commodities...\nSUPER_TREND : GREEN : BUY\nNo trade this session...\n--------End-----------\nstart checking at : 2021-12-03 18:45:00.011013\nPlease wait while checking \" GOLD \" commodities...\nSUPER_TREND : GREEN : BUY\nNo trade this session...\n--------End-----------\nstart checking at : 2021-12-03 18:46:00.010112\nPlease wait while checking \" GOLD \" commodities...\nSUPER_TREND : GREEN : BUY","selected_commodities":1}]
2021-12-03 18:46:02,533 - socketio.server - INFO - emitting event "log_report" to all [/]
2021-12-03 18:46:02,534 - engineio.server - INFO - FTUzUYedzeGPtg99AAAC: Sending packet MESSAGE data 2["log_report",{"logReport":"Successfully logged in Kite API!\nstart checking at : 2021-12-03 18:39:00.014664\nPlease wait while checking \" GOLD \" commodities...\nSUPER_TREND : GREEN : BUY\nNo trade this session...\n--------End-----------\nstart checking at : 2021-12-03 18:40:00.024331\nPlease wait while checking \" GOLD \" commodities...\nSUPER_TREND : GREEN : BUY\nNo trade this session...\n--------End-----------\nstart checking at : 2021-12-03 18:41:00.010123\nPlease wait while checking \" GOLD \" commodities...\nSUPER_TREND : GREEN : BUY\nNo trade this session...\n--------End-----------\nstart checking at : 2021-12-03 18:42:00.012104\nPlease wait while checking \" GOLD \" commodities...\nSUPER_TREND : GREEN : BUY\nNo trade this session...\n--------End-----------\nstart checking at : 2021-12-03 18:43:00.007123\nPlease wait while checking \" GOLD \" commodities...\nSUPER_TREND : GREEN : BUY\nNo trade this session...\n--------End-----------\nstart checking at : 2021-12-03 18:44:00.009123\nPlease wait while checking \" GOLD \" commodities...\nSUPER_TREND : GREEN : BUY\nNo trade this session...\n--------End-----------\nstart checking at : 2021-12-03 18:45:00.011013\nPlease wait while checking \" GOLD \" commodities...\nSUPER_TREND : GREEN : BUY\nNo trade this session...\n--------End-----------\nstart checking at : 2021-12-03 18:46:00.010112\nPlease wait while checking \" GOLD \" commodities...\nSUPER_TREND : GREEN : BUY\nNo trade this session...\n--------End-----------","selected_commodities":1}]
2021-12-03 18:46:02,538 - apscheduler.executors.default - INFO - Job "GoldCommodities.startCommoditiesAlgo (trigger: cron[hour='9,10,11,12,13,14,15,16,17,18,19,20,21,22,23', minute='*'], next run at: 2021-12-03 18:47:00 IST)" executed successfully
2021-12-03 18:46:18,441 - engineio.server - INFO - FTUzUYedzeGPtg99AAAC: Sending packet PING data None
2021-12-03 18:46:18,445 - engineio.server - INFO - FTUzUYedzeGPtg99AAAC: Received packet PONG data 
2021-12-03 18:46:43,448 - engineio.server - INFO - FTUzUYedzeGPtg99AAAC: Sending packet PING data None
2021-12-03 18:46:43,450 - engineio.server - INFO - FTUzUYedzeGPtg99AAAC: Received packet PONG data 
2021-12-03 18:47:00,007 - apscheduler.scheduler - DEBUG - Looking for jobs to run
2021-12-03 18:47:00,010 - apscheduler.scheduler - DEBUG - Next wakeup is due at 2021-12-03 18:48:00+05:30 (in 59.991834 seconds)
2021-12-03 18:47:00,011 - apscheduler.executors.default - INFO - Running job "GoldCommodities.startCommoditiesAlgo (trigger: cron[hour='9,10,11,12,13,14,15,16,17,18,19,20,21,22,23', minute='*'], next run at: 2021-12-03 18:48:00 IST)" (scheduled at 2021-12-03 18:47:00+05:30)
2021-12-03 18:47:00,040 - socketio.server - INFO - emitting event "log_report" to all [/]
2021-12-03 18:47:00,041 - engineio.server - INFO - FTUzUYedzeGPtg99AAAC: Sending packet MESSAGE data 2["log_report",{"logReport":"Successfully logged in Kite API!\nstart checking at : 2021-12-03 18:39:00.014664\nPlease wait while checking \" GOLD \" commodities...\nSUPER_TREND : GREEN : BUY\nNo trade this session...\n--------End-----------\nstart checking at : 2021-12-03 18:40:00.024331\nPlease wait while checking \" GOLD \" commodities...\nSUPER_TREND : GREEN : BUY\nNo trade this session...\n--------End-----------\nstart checking at : 2021-12-03 18:41:00.010123\nPlease wait while checking \" GOLD \" commodities...\nSUPER_TREND : GREEN : BUY\nNo trade this session...\n--------End-----------\nstart checking at : 2021-12-03 18:42:00.012104\nPlease wait while checking \" GOLD \" commodities...\nSUPER_TREND : GREEN : BUY\nNo trade this session...\n--------End-----------\nstart checking at : 2021-12-03 18:43:00.007123\nPlease wait while checking \" GOLD \" commodities...\nSUPER_TREND : GREEN : BUY\nNo trade this session...\n--------End-----------\nstart checking at : 2021-12-03 18:44:00.009123\nPlease wait while checking \" GOLD \" commodities...\nSUPER_TREND : GREEN : BUY\nNo trade this session...\n--------End-----------\nstart checking at : 2021-12-03 18:45:00.011013\nPlease wait while checking \" GOLD \" commodities...\nSUPER_TREND : GREEN : BUY\nNo trade this session...\n--------End-----------\nstart checking at : 2021-12-03 18:46:00.010112\nPlease wait while checking \" GOLD \" commodities...\nSUPER_TREND : GREEN : BUY\nNo trade this session...\n--------End-----------\nstart checking at : 2021-12-03 18:47:00.012164","selected_commodities":1}]
2021-12-03 18:47:00,084 - socketio.server - INFO - emitting event "log_report" to all [/]
2021-12-03 18:47:00,092 - engineio.server - INFO - FTUzUYedzeGPtg99AAAC: Sending packet MESSAGE data 2["log_report",{"logReport":"Successfully logged in Kite API!\nstart checking at : 2021-12-03 18:39:00.014664\nPlease wait while checking \" GOLD \" commodities...\nSUPER_TREND : GREEN : BUY\nNo trade this session...\n--------End-----------\nstart checking at : 2021-12-03 18:40:00.024331\nPlease wait while checking \" GOLD \" commodities...\nSUPER_TREND : GREEN : BUY\nNo trade this session...\n--------End-----------\nstart checking at : 2021-12-03 18:41:00.010123\nPlease wait while checking \" GOLD \" commodities...\nSUPER_TREND : GREEN : BUY\nNo trade this session...\n--------End-----------\nstart checking at : 2021-12-03 18:42:00.012104\nPlease wait while checking \" GOLD \" commodities...\nSUPER_TREND : GREEN : BUY\nNo trade this session...\n--------End-----------\nstart checking at : 2021-12-03 18:43:00.007123\nPlease wait while checking \" GOLD \" commodities...\nSUPER_TREND : GREEN : BUY\nNo trade this session...\n--------End-----------\nstart checking at : 2021-12-03 18:44:00.009123\nPlease wait while checking \" GOLD \" commodities...\nSUPER_TREND : GREEN : BUY\nNo trade this session...\n--------End-----------\nstart checking at : 2021-12-03 18:45:00.011013\nPlease wait while checking \" GOLD \" commodities...\nSUPER_TREND : GREEN : BUY\nNo trade this session...\n--------End-----------\nstart checking at : 2021-12-03 18:46:00.010112\nPlease wait while checking \" GOLD \" commodities...\nSUPER_TREND : GREEN : BUY\nNo trade this session...\n--------End-----------\nstart checking at : 2021-12-03 18:47:00.012164\nPlease wait while checking \" GOLD \" commodities...","selected_commodities":1}]
2021-12-03 18:47:00,102 - urllib3.connectionpool - DEBUG - Starting new HTTPS connection (1): api.kite.trade:443
2021-12-03 18:47:00,322 - urllib3.connectionpool - DEBUG - https://api.kite.trade:443 "GET /instruments/historical/59627015/15minute?from=2021-11-03&to=2021-12-03&interval=15minute&continuous=0&oi=0 HTTP/1.1" 200 15595
2021-12-03 18:47:01,451 - socketio.server - INFO - emitting event "log_report" to all [/]
2021-12-03 18:47:01,452 - engineio.server - INFO - FTUzUYedzeGPtg99AAAC: Sending packet MESSAGE data 2["log_report",{"logReport":"Successfully logged in Kite API!\nstart checking at : 2021-12-03 18:39:00.014664\nPlease wait while checking \" GOLD \" commodities...\nSUPER_TREND : GREEN : BUY\nNo trade this session...\n--------End-----------\nstart checking at : 2021-12-03 18:40:00.024331\nPlease wait while checking \" GOLD \" commodities...\nSUPER_TREND : GREEN : BUY\nNo trade this session...\n--------End-----------\nstart checking at : 2021-12-03 18:41:00.010123\nPlease wait while checking \" GOLD \" commodities...\nSUPER_TREND : GREEN : BUY\nNo trade this session...\n--------End-----------\nstart checking at : 2021-12-03 18:42:00.012104\nPlease wait while checking \" GOLD \" commodities...\nSUPER_TREND : GREEN : BUY\nNo trade this session...\n--------End-----------\nstart checking at : 2021-12-03 18:43:00.007123\nPlease wait while checking \" GOLD \" commodities...\nSUPER_TREND : GREEN : BUY\nNo trade this session...\n--------End-----------\nstart checking at : 2021-12-03 18:44:00.009123\nPlease wait while checking \" GOLD \" commodities...\nSUPER_TREND : GREEN : BUY\nNo trade this session...\n--------End-----------\nstart checking at : 2021-12-03 18:45:00.011013\nPlease wait while checking \" GOLD \" commodities...\nSUPER_TREND : GREEN : BUY\nNo trade this session...\n--------End-----------\nstart checking at : 2021-12-03 18:46:00.010112\nPlease wait while checking \" GOLD \" commodities...\nSUPER_TREND : GREEN : BUY\nNo trade this session...\n--------End-----------\nstart checking at : 2021-12-03 18:47:00.012164\nPlease wait while checking \" GOLD \" commodities...\nSUPER_TREND : GREEN : BUY","selected_commodities":1}]
2021-12-03 18:47:02,493 - socketio.server - INFO - emitting event "log_report" to all [/]
2021-12-03 18:47:02,495 - engineio.server - INFO - FTUzUYedzeGPtg99AAAC: Sending packet MESSAGE data 2["log_report",{"logReport":"Successfully logged in Kite API!\nstart checking at : 2021-12-03 18:39:00.014664\nPlease wait while checking \" GOLD \" commodities...\nSUPER_TREND : GREEN : BUY\nNo trade this session...\n--------End-----------\nstart checking at : 2021-12-03 18:40:00.024331\nPlease wait while checking \" GOLD \" commodities...\nSUPER_TREND : GREEN : BUY\nNo trade this session...\n--------End-----------\nstart checking at : 2021-12-03 18:41:00.010123\nPlease wait while checking \" GOLD \" commodities...\nSUPER_TREND : GREEN : BUY\nNo trade this session...\n--------End-----------\nstart checking at : 2021-12-03 18:42:00.012104\nPlease wait while checking \" GOLD \" commodities...\nSUPER_TREND : GREEN : BUY\nNo trade this session...\n--------End-----------\nstart checking at : 2021-12-03 18:43:00.007123\nPlease wait while checking \" GOLD \" commodities...\nSUPER_TREND : GREEN : BUY\nNo trade this session...\n--------End-----------\nstart checking at : 2021-12-03 18:44:00.009123\nPlease wait while checking \" GOLD \" commodities...\nSUPER_TREND : GREEN : BUY\nNo trade this session...\n--------End-----------\nstart checking at : 2021-12-03 18:45:00.011013\nPlease wait while checking \" GOLD \" commodities...\nSUPER_TREND : GREEN : BUY\nNo trade this session...\n--------End-----------\nstart checking at : 2021-12-03 18:46:00.010112\nPlease wait while checking \" GOLD \" commodities...\nSUPER_TREND : GREEN : BUY\nNo trade this session...\n--------End-----------\nstart checking at : 2021-12-03 18:47:00.012164\nPlease wait while checking \" GOLD \" commodities...\nSUPER_TREND : GREEN : BUY\nNo trade this session...\n--------End-----------","selected_commodities":1}]
2021-12-03 18:47:02,503 - apscheduler.executors.default - INFO - Job "GoldCommodities.startCommoditiesAlgo (trigger: cron[hour='9,10,11,12,13,14,15,16,17,18,19,20,21,22,23', minute='*'], next run at: 2021-12-03 18:48:00 IST)" executed successfully
2021-12-03 18:47:08,457 - engineio.server - INFO - FTUzUYedzeGPtg99AAAC: Sending packet PING data None
2021-12-03 18:47:08,570 - engineio.server - INFO - FTUzUYedzeGPtg99AAAC: Received packet PONG data 
2021-12-03 18:47:33,572 - engineio.server - INFO - FTUzUYedzeGPtg99AAAC: Sending packet PING data None
2021-12-03 18:47:33,576 - engineio.server - INFO - FTUzUYedzeGPtg99AAAC: Received packet PONG data 
2021-12-03 18:47:58,578 - engineio.server - INFO - FTUzUYedzeGPtg99AAAC: Sending packet PING data None
2021-12-03 18:47:58,581 - engineio.server - INFO - FTUzUYedzeGPtg99AAAC: Received packet PONG data 
2021-12-03 18:48:00,008 - apscheduler.scheduler - DEBUG - Looking for jobs to run
2021-12-03 18:48:00,011 - apscheduler.scheduler - DEBUG - Next wakeup is due at 2021-12-03 18:49:00+05:30 (in 59.990878 seconds)
2021-12-03 18:48:00,011 - apscheduler.executors.default - INFO - Running job "GoldCommodities.startCommoditiesAlgo (trigger: cron[hour='9,10,11,12,13,14,15,16,17,18,19,20,21,22,23', minute='*'], next run at: 2021-12-03 18:49:00 IST)" (scheduled at 2021-12-03 18:48:00+05:30)
2021-12-03 18:48:00,040 - socketio.server - INFO - emitting event "log_report" to all [/]
2021-12-03 18:48:00,041 - engineio.server - INFO - FTUzUYedzeGPtg99AAAC: Sending packet MESSAGE data 2["log_report",{"logReport":"Successfully logged in Kite API!\nstart checking at : 2021-12-03 18:39:00.014664\nPlease wait while checking \" GOLD \" commodities...\nSUPER_TREND : GREEN : BUY\nNo trade this session...\n--------End-----------\nstart checking at : 2021-12-03 18:40:00.024331\nPlease wait while checking \" GOLD \" commodities...\nSUPER_TREND : GREEN : BUY\nNo trade this session...\n--------End-----------\nstart checking at : 2021-12-03 18:41:00.010123\nPlease wait while checking \" GOLD \" commodities...\nSUPER_TREND : GREEN : BUY\nNo trade this session...\n--------End-----------\nstart checking at : 2021-12-03 18:42:00.012104\nPlease wait while checking \" GOLD \" commodities...\nSUPER_TREND : GREEN : BUY\nNo trade this session...\n--------End-----------\nstart checking at : 2021-12-03 18:43:00.007123\nPlease wait while checking \" GOLD \" commodities...\nSUPER_TREND : GREEN : BUY\nNo trade this session...\n--------End-----------\nstart checking at : 2021-12-03 18:44:00.009123\nPlease wait while checking \" GOLD \" commodities...\nSUPER_TREND : GREEN : BUY\nNo trade this session...\n--------End-----------\nstart checking at : 2021-12-03 18:45:00.011013\nPlease wait while checking \" GOLD \" commodities...\nSUPER_TREND : GREEN : BUY\nNo trade this session...\n--------End-----------\nstart checking at : 2021-12-03 18:46:00.010112\nPlease wait while checking \" GOLD \" commodities...\nSUPER_TREND : GREEN : BUY\nNo trade this session...\n--------End-----------\nstart checking at : 2021-12-03 18:47:00.012164\nPlease wait while checking \" GOLD \" commodities...\nSUPER_TREND : GREEN : BUY\nNo trade this session...\n--------End-----------\nstart checking at : 2021-12-03 18:48:00.012128","selected_commodities":1}]
2021-12-03 18:48:00,082 - socketio.server - INFO - emitting event "log_report" to all [/]
2021-12-03 18:48:00,082 - engineio.server - INFO - FTUzUYedzeGPtg99AAAC: Sending packet MESSAGE data 2["log_report",{"logReport":"Successfully logged in Kite API!\nstart checking at : 2021-12-03 18:39:00.014664\nPlease wait while checking \" GOLD \" commodities...\nSUPER_TREND : GREEN : BUY\nNo trade this session...\n--------End-----------\nstart checking at : 2021-12-03 18:40:00.024331\nPlease wait while checking \" GOLD \" commodities...\nSUPER_TREND : GREEN : BUY\nNo trade this session...\n--------End-----------\nstart checking at : 2021-12-03 18:41:00.010123\nPlease wait while checking \" GOLD \" commodities...\nSUPER_TREND : GREEN : BUY\nNo trade this session...\n--------End-----------\nstart checking at : 2021-12-03 18:42:00.012104\nPlease wait while checking \" GOLD \" commodities...\nSUPER_TREND : GREEN : BUY\nNo trade this session...\n--------End-----------\nstart checking at : 2021-12-03 18:43:00.007123\nPlease wait while checking \" GOLD \" commodities...\nSUPER_TREND : GREEN : BUY\nNo trade this session...\n--------End-----------\nstart checking at : 2021-12-03 18:44:00.009123\nPlease wait while checking \" GOLD \" commodities...\nSUPER_TREND : GREEN : BUY\nNo trade this session...\n--------End-----------\nstart checking at : 2021-12-03 18:45:00.011013\nPlease wait while checking \" GOLD \" commodities...\nSUPER_TREND : GREEN : BUY\nNo trade this session...\n--------End-----------\nstart checking at : 2021-12-03 18:46:00.010112\nPlease wait while checking \" GOLD \" commodities...\nSUPER_TREND : GREEN : BUY\nNo trade this session...\n--------End-----------\nstart checking at : 2021-12-03 18:47:00.012164\nPlease wait while checking \" GOLD \" commodities...\nSUPER_TREND : GREEN : BUY\nNo trade this session...\n--------End-----------\nstart checking at : 2021-12-03 18:48:00.012128\nPlease wait while checking \" GOLD \" commodities...","selected_commodities":1}]
2021-12-03 18:48:00,091 - urllib3.connectionpool - DEBUG - Starting new HTTPS connection (1): api.kite.trade:443
2021-12-03 18:48:00,415 - urllib3.connectionpool - DEBUG - https://api.kite.trade:443 "GET /instruments/historical/59627015/15minute?from=2021-11-03&to=2021-12-03&interval=15minute&continuous=0&oi=0 HTTP/1.1" 200 15595
2021-12-03 18:48:01,529 - socketio.server - INFO - emitting event "log_report" to all [/]
2021-12-03 18:48:01,530 - engineio.server - INFO - FTUzUYedzeGPtg99AAAC: Sending packet MESSAGE data 2["log_report",{"logReport":"Successfully logged in Kite API!\nstart checking at : 2021-12-03 18:39:00.014664\nPlease wait while checking \" GOLD \" commodities...\nSUPER_TREND : GREEN : BUY\nNo trade this session...\n--------End-----------\nstart checking at : 2021-12-03 18:40:00.024331\nPlease wait while checking \" GOLD \" commodities...\nSUPER_TREND : GREEN : BUY\nNo trade this session...\n--------End-----------\nstart checking at : 2021-12-03 18:41:00.010123\nPlease wait while checking \" GOLD \" commodities...\nSUPER_TREND : GREEN : BUY\nNo trade this session...\n--------End-----------\nstart checking at : 2021-12-03 18:42:00.012104\nPlease wait while checking \" GOLD \" commodities...\nSUPER_TREND : GREEN : BUY\nNo trade this session...\n--------End-----------\nstart checking at : 2021-12-03 18:43:00.007123\nPlease wait while checking \" GOLD \" commodities...\nSUPER_TREND : GREEN : BUY\nNo trade this session...\n--------End-----------\nstart checking at : 2021-12-03 18:44:00.009123\nPlease wait while checking \" GOLD \" commodities...\nSUPER_TREND : GREEN : BUY\nNo trade this session...\n--------End-----------\nstart checking at : 2021-12-03 18:45:00.011013\nPlease wait while checking \" GOLD \" commodities...\nSUPER_TREND : GREEN : BUY\nNo trade this session...\n--------End-----------\nstart checking at : 2021-12-03 18:46:00.010112\nPlease wait while checking \" GOLD \" commodities...\nSUPER_TREND : GREEN : BUY\nNo trade this session...\n--------End-----------\nstart checking at : 2021-12-03 18:47:00.012164\nPlease wait while checking \" GOLD \" commodities...\nSUPER_TREND : GREEN : BUY\nNo trade this session...\n--------End-----------\nstart checking at : 2021-12-03 18:48:00.012128\nPlease wait while checking \" GOLD \" commodities...\nSUPER_TREND : GREEN : BUY","selected_commodities":1}]
2021-12-03 18:48:02,568 - socketio.server - INFO - emitting event "log_report" to all [/]
2021-12-03 18:48:02,569 - engineio.server - INFO - FTUzUYedzeGPtg99AAAC: Sending packet MESSAGE data 2["log_report",{"logReport":"Successfully logged in Kite API!\nstart checking at : 2021-12-03 18:39:00.014664\nPlease wait while checking \" GOLD \" commodities...\nSUPER_TREND : GREEN : BUY\nNo trade this session...\n--------End-----------\nstart checking at : 2021-12-03 18:40:00.024331\nPlease wait while checking \" GOLD \" commodities...\nSUPER_TREND : GREEN : BUY\nNo trade this session...\n--------End-----------\nstart checking at : 2021-12-03 18:41:00.010123\nPlease wait while checking \" GOLD \" commodities...\nSUPER_TREND : GREEN : BUY\nNo trade this session...\n--------End-----------\nstart checking at : 2021-12-03 18:42:00.012104\nPlease wait while checking \" GOLD \" commodities...\nSUPER_TREND : GREEN : BUY\nNo trade this session...\n--------End-----------\nstart checking at : 2021-12-03 18:43:00.007123\nPlease wait while checking \" GOLD \" commodities...\nSUPER_TREND : GREEN : BUY\nNo trade this session...\n--------End-----------\nstart checking at : 2021-12-03 18:44:00.009123\nPlease wait while checking \" GOLD \" commodities...\nSUPER_TREND : GREEN : BUY\nNo trade this session...\n--------End-----------\nstart checking at : 2021-12-03 18:45:00.011013\nPlease wait while checking \" GOLD \" commodities...\nSUPER_TREND : GREEN : BUY\nNo trade this session...\n--------End-----------\nstart checking at : 2021-12-03 18:46:00.010112\nPlease wait while checking \" GOLD \" commodities...\nSUPER_TREND : GREEN : BUY\nNo trade this session...\n--------End-----------\nstart checking at : 2021-12-03 18:47:00.012164\nPlease wait while checking \" GOLD \" commodities...\nSUPER_TREND : GREEN : BUY\nNo trade this session...\n--------End-----------\nstart checking at : 2021-12-03 18:48:00.012128\nPlease wait while checking \" GOLD \" commodities...\nSUPER_TREND : GREEN : BUY\nNo trade this session...\n--------End-----------","selected_commodities":1}]
2021-12-03 18:48:02,573 - apscheduler.executors.default - INFO - Job "GoldCommodities.startCommoditiesAlgo (trigger: cron[hour='9,10,11,12,13,14,15,16,17,18,19,20,21,22,23', minute='*'], next run at: 2021-12-03 18:49:00 IST)" executed successfully
2021-12-03 18:48:14,191 - engineio.server - INFO - FTUzUYedzeGPtg99AAAC: Received packet MESSAGE data 2["stop_script",{"stopScriptFor":1}]
2021-12-03 18:48:14,192 - socketio.server - INFO - received event "stop_script" from sQzufdCrpEaIjh9CAAAD [/]
2021-12-03 18:48:14,194 - apscheduler.scheduler - INFO - Removed job gold
2021-12-03 18:48:14,205 - socketio.server - INFO - emitting event "log_report" to all [/]
2021-12-03 18:48:14,206 - engineio.server - INFO - FTUzUYedzeGPtg99AAAC: Sending packet MESSAGE data 2["log_report",{"logReport":"Successfully logged in Kite API!\nstart checking at : 2021-12-03 18:39:00.014664\nPlease wait while checking \" GOLD \" commodities...\nSUPER_TREND : GREEN : BUY\nNo trade this session...\n--------End-----------\nstart checking at : 2021-12-03 18:40:00.024331\nPlease wait while checking \" GOLD \" commodities...\nSUPER_TREND : GREEN : BUY\nNo trade this session...\n--------End-----------\nstart checking at : 2021-12-03 18:41:00.010123\nPlease wait while checking \" GOLD \" commodities...\nSUPER_TREND : GREEN : BUY\nNo trade this session...\n--------End-----------\nstart checking at : 2021-12-03 18:42:00.012104\nPlease wait while checking \" GOLD \" commodities...\nSUPER_TREND : GREEN : BUY\nNo trade this session...\n--------End-----------\nstart checking at : 2021-12-03 18:43:00.007123\nPlease wait while checking \" GOLD \" commodities...\nSUPER_TREND : GREEN : BUY\nNo trade this session...\n--------End-----------\nstart checking at : 2021-12-03 18:44:00.009123\nPlease wait while checking \" GOLD \" commodities...\nSUPER_TREND : GREEN : BUY\nNo trade this session...\n--------End-----------\nstart checking at : 2021-12-03 18:45:00.011013\nPlease wait while checking \" GOLD \" commodities...\nSUPER_TREND : GREEN : BUY\nNo trade this session...\n--------End-----------\nstart checking at : 2021-12-03 18:46:00.010112\nPlease wait while checking \" GOLD \" commodities...\nSUPER_TREND : GREEN : BUY\nNo trade this session...\n--------End-----------\nstart checking at : 2021-12-03 18:47:00.012164\nPlease wait while checking \" GOLD \" commodities...\nSUPER_TREND : GREEN : BUY\nNo trade this session...\n--------End-----------\nstart checking at : 2021-12-03 18:48:00.012128\nPlease wait while checking \" GOLD \" commodities...\nSUPER_TREND : GREEN : BUY\nNo trade this session...\n--------End-----------\nScript Stopped! : \n---------------------------","selected_commodities":1}]
2021-12-03 18:48:19,690 - engineio.server - INFO - FTUzUYedzeGPtg99AAAC: Received packet MESSAGE data 2["commodities_change",{"selected_commodities":"3"}]
2021-12-03 18:48:19,691 - socketio.server - INFO - received event "commodities_change" from sQzufdCrpEaIjh9CAAAD [/]
2021-12-03 18:48:19,704 - socketio.server - INFO - emitting event "log_report" to all [/]
2021-12-03 18:48:19,705 - engineio.server - INFO - FTUzUYedzeGPtg99AAAC: Sending packet MESSAGE data 2["log_report",{"logReport":"","selected_commodities":3}]
2021-12-03 18:48:21,243 - engineio.server - INFO - FTUzUYedzeGPtg99AAAC: Received packet MESSAGE data 2["commodities_change",{"selected_commodities":"2"}]
2021-12-03 18:48:21,244 - socketio.server - INFO - received event "commodities_change" from sQzufdCrpEaIjh9CAAAD [/]
2021-12-03 18:48:21,258 - socketio.server - INFO - emitting event "log_report" to all [/]
2021-12-03 18:48:21,259 - engineio.server - INFO - FTUzUYedzeGPtg99AAAC: Sending packet MESSAGE data 2["log_report",{"logReport":"","selected_commodities":2}]
2021-12-03 18:48:22,977 - engineio.server - INFO - FTUzUYedzeGPtg99AAAC: Received packet MESSAGE data 2["commodities_change",{"selected_commodities":"1"}]
2021-12-03 18:48:22,979 - socketio.server - INFO - received event "commodities_change" from sQzufdCrpEaIjh9CAAAD [/]
2021-12-03 18:48:22,991 - socketio.server - INFO - emitting event "log_report" to all [/]
2021-12-03 18:48:22,991 - engineio.server - INFO - FTUzUYedzeGPtg99AAAC: Sending packet MESSAGE data 2["log_report",{"logReport":"","selected_commodities":1}]
2021-12-03 18:48:23,584 - engineio.server - INFO - FTUzUYedzeGPtg99AAAC: Sending packet PING data None
2021-12-03 18:48:23,587 - engineio.server - INFO - FTUzUYedzeGPtg99AAAC: Received packet PONG data 
2021-12-03 18:48:28,144 - geventwebsocket.handler - DEBUG - Closed WebSocket
2021-12-03 18:48:28,144 - geventwebsocket.handler - DEBUG - Failed to write closing frame -> closing socket
2021-12-03 18:48:28,145 - geventwebsocket.handler - DEBUG - Closed WebSocket
2021-12-03 18:48:28,459 - geventwebsocket.handler - DEBUG - Initializing WebSocket
2021-12-03 18:48:28,460 - geventwebsocket.handler - DEBUG - Validating WebSocket request
2021-12-03 18:48:28,469 - geventwebsocket.handler - INFO - 127.0.0.1 - - [2021-12-03 18:48:28] "GET /settings HTTP/1.1" 200 4933 0.010267
2021-12-03 18:48:28,546 - geventwebsocket.handler - DEBUG - Initializing WebSocket
2021-12-03 18:48:28,546 - geventwebsocket.handler - DEBUG - Validating WebSocket request
2021-12-03 18:48:28,547 - engineio.server - INFO - 56NrTnQBPDwJQ62dAAAE: Sending packet OPEN data {'sid': '56NrTnQBPDwJQ62dAAAE', 'upgrades': ['websocket'], 'pingTimeout': 20000, 'pingInterval': 25000}
2021-12-03 18:48:28,548 - geventwebsocket.handler - INFO - 127.0.0.1 - - [2021-12-03 18:48:28] "GET /socket.io/?EIO=4&transport=polling&t=Ns0SZR0 HTTP/1.1" 200 254 0.001997
2021-12-03 18:48:28,583 - geventwebsocket.handler - DEBUG - Initializing WebSocket
2021-12-03 18:48:28,583 - geventwebsocket.handler - DEBUG - Validating WebSocket request
2021-12-03 18:48:28,583 - geventwebsocket.handler - DEBUG - Can only upgrade connection if using GET method.
2021-12-03 18:48:28,584 - engineio.server - INFO - 56NrTnQBPDwJQ62dAAAE: Received packet MESSAGE data 0
2021-12-03 18:48:28,585 - engineio.server - INFO - 56NrTnQBPDwJQ62dAAAE: Sending packet MESSAGE data 0{"sid":"A5a3iwaQ4AcKUPNeAAAF"}
2021-12-03 18:48:28,586 - geventwebsocket.handler - INFO - 127.0.0.1 - - [2021-12-03 18:48:28] "POST /socket.io/?EIO=4&transport=polling&t=Ns0SZRb&sid=56NrTnQBPDwJQ62dAAAE HTTP/1.1" 200 195 0.002999
2021-12-03 18:48:28,588 - geventwebsocket.handler - DEBUG - Initializing WebSocket
2021-12-03 18:48:28,588 - geventwebsocket.handler - DEBUG - Validating WebSocket request
2021-12-03 18:48:28,589 - geventwebsocket.handler - INFO - 127.0.0.1 - - [2021-12-03 18:48:28] "GET /socket.io/?EIO=4&transport=polling&t=Ns0SZRe&sid=56NrTnQBPDwJQ62dAAAE HTTP/1.1" 200 189 0.001001
2021-12-03 18:48:28,607 - geventwebsocket.handler - DEBUG - Initializing WebSocket
2021-12-03 18:48:28,608 - geventwebsocket.handler - DEBUG - Validating WebSocket request
2021-12-03 18:48:28,887 - geventwebsocket.handler - DEBUG - Initializing WebSocket
2021-12-03 18:48:28,888 - geventwebsocket.handler - DEBUG - Validating WebSocket request
2021-12-03 18:48:28,888 - geventwebsocket.handler - DEBUG - Attempting to upgrade connection
2021-12-03 18:48:28,888 - geventwebsocket.handler - DEBUG - WebSocket request accepted, switching protocols
2021-12-03 18:48:28,889 - engineio.server - INFO - 56NrTnQBPDwJQ62dAAAE: Received request to upgrade to websocket
2021-12-03 18:48:28,895 - geventwebsocket.handler - INFO - 127.0.0.1 - - [2021-12-03 18:48:28] "GET /socket.io/?EIO=4&transport=polling&t=Ns0SZRx&sid=56NrTnQBPDwJQ62dAAAE HTTP/1.1" 200 157 0.288052
2021-12-03 18:48:28,901 - engineio.server - INFO - 56NrTnQBPDwJQ62dAAAE: Upgrade to websocket successful
2021-12-03 18:48:53,550 - engineio.server - INFO - 56NrTnQBPDwJQ62dAAAE: Sending packet PING data None
2021-12-03 18:48:53,553 - engineio.server - INFO - 56NrTnQBPDwJQ62dAAAE: Received packet PONG data 
2021-12-03 18:49:00,008 - apscheduler.scheduler - DEBUG - Looking for jobs to run
2021-12-03 18:49:00,009 - apscheduler.scheduler - DEBUG - No jobs; waiting until a job is added
2021-12-03 18:49:18,556 - engineio.server - INFO - 56NrTnQBPDwJQ62dAAAE: Sending packet PING data None
2021-12-03 18:49:18,560 - engineio.server - INFO - 56NrTnQBPDwJQ62dAAAE: Received packet PONG data 
